c:\github\pplat\debug\pplat.pch
c:\github\pplat\debug\vc142.pdb
c:\github\pplat\debug\vc142.idb
c:\github\pplat\debug\pplat.pchast
c:\github\pplat\debug\stdafx.nativecodeanalysis.sarif
c:\github\pplat\debug\stdafx.nativecodeanalysis.xml
c:\github\pplat\debug\stdafx.obj
c:\github\pplat\debug\prediction.nativecodeanalysis.sarif
c:\github\pplat\debug\prediction.nativecodeanalysis.xml
c:\github\pplat\debug\obj_minion.nativecodeanalysis.sarif
c:\github\pplat\debug\obj_minion.nativecodeanalysis.xml
c:\github\pplat\debug\obj_hero.nativecodeanalysis.sarif
c:\github\pplat\debug\obj_hero.nativecodeanalysis.xml
c:\github\pplat\debug\obj_ai_base.nativecodeanalysis.sarif
c:\github\pplat\debug\obj_ai_base.nativecodeanalysis.xml
c:\github\pplat\debug\objectmanager.nativecodeanalysis.sarif
c:\github\pplat\debug\objectmanager.nativecodeanalysis.xml
c:\github\pplat\debug\memory.nativecodeanalysis.sarif
c:\github\pplat\debug\memory.nativecodeanalysis.xml
c:\github\pplat\debug\main.nativecodeanalysis.sarif
c:\github\pplat\debug\main.nativecodeanalysis.xml
c:\github\pplat\debug\lsrender.nativecodeanalysis.sarif
c:\github\pplat\debug\lsrender.nativecodeanalysis.xml
c:\github\pplat\debug\logging.nativecodeanalysis.sarif
c:\github\pplat\debug\logging.nativecodeanalysis.xml
c:\github\pplat\debug\lobjectmanager.nativecodeanalysis.sarif
c:\github\pplat\debug\lobjectmanager.nativecodeanalysis.xml
c:\github\pplat\debug\lbuffinstance.nativecodeanalysis.sarif
c:\github\pplat\debug\lbuffinstance.nativecodeanalysis.xml
c:\github\pplat\debug\imgui_tabs.nativecodeanalysis.sarif
c:\github\pplat\debug\imgui_tabs.nativecodeanalysis.xml
c:\github\pplat\debug\imgui_impl_dx9.nativecodeanalysis.sarif
c:\github\pplat\debug\imgui_impl_dx9.nativecodeanalysis.xml
c:\github\pplat\debug\imgui_draw.nativecodeanalysis.sarif
c:\github\pplat\debug\imgui_draw.nativecodeanalysis.xml
c:\github\pplat\debug\imgui_demo.nativecodeanalysis.sarif
c:\github\pplat\debug\imgui_demo.nativecodeanalysis.xml
c:\github\pplat\debug\imgui.nativecodeanalysis.sarif
c:\github\pplat\debug\imgui.nativecodeanalysis.xml
c:\github\pplat\debug\humanizer.nativecodeanalysis.sarif
c:\github\pplat\debug\humanizer.nativecodeanalysis.xml
c:\github\pplat\debug\gameobject.nativecodeanalysis.sarif
c:\github\pplat\debug\gameobject.nativecodeanalysis.xml
c:\github\pplat\debug\buffmanagerbase.nativecodeanalysis.sarif
c:\github\pplat\debug\buffmanagerbase.nativecodeanalysis.xml
c:\github\pplat\debug\adetour.nativecodeanalysis.sarif
c:\github\pplat\debug\adetour.nativecodeanalysis.xml
c:\github\pplat\debug\adetour.obj
c:\github\pplat\debug\buffmanagerbase.obj
c:\github\pplat\debug\gameobject.obj
c:\github\pplat\debug\humanizer.obj
c:\github\pplat\debug\imgui.obj
c:\github\pplat\debug\imgui_demo.obj
c:\github\pplat\debug\imgui_draw.obj
c:\github\pplat\debug\imgui_impl_dx9.obj
c:\github\pplat\debug\imgui_tabs.obj
c:\github\pplat\debug\lbuffinstance.obj
c:\github\pplat\debug\lobjectmanager.obj
c:\github\pplat\debug\logging.obj
c:\github\pplat\debug\lsrender.obj
c:\github\pplat\debug\main.obj
c:\github\pplat\debug\memory.obj
c:\github\pplat\debug\objectmanager.obj
c:\github\pplat\debug\obj_ai_base.obj
c:\github\pplat\debug\obj_hero.obj
c:\github\pplat\debug\obj_minion.obj
c:\github\pplat\debug\prediction.obj
c:\github\pplat\debug\typdefs.nativecodeanalysis.sarif
c:\github\pplat\debug\typdefs.nativecodeanalysis.xml
c:\github\pplat\debug\string.nativecodeanalysis.sarif
c:\github\pplat\debug\string.nativecodeanalysis.xml
c:\github\pplat\debug\spellbook.nativecodeanalysis.sarif
c:\github\pplat\debug\spellbook.nativecodeanalysis.xml
c:\github\pplat\debug\spellbook.obj
c:\github\pplat\debug\string.obj
c:\github\pplat\debug\typdefs.obj
c:\github\pplat\debug\pplat.ilk
c:\github\pplat\debug\pplat.dll
c:\github\pplat\debug\pplat.pdb
c:\github\pplat\debug\pplat.lib
c:\github\pplat\debug\pplat.exp
c:\github\pplat\debug\nativecodeanalysis.read.1.tlog
c:\github\pplat\debug\vc.nativecodeanalysis.all.xml
c:\github\pplat\debug\pplat.tlog\cl.command.1.tlog
c:\github\pplat\debug\pplat.tlog\cl.read.1.tlog
c:\github\pplat\debug\pplat.tlog\cl.write.1.tlog
c:\github\pplat\debug\pplat.tlog\link.command.1.tlog
c:\github\pplat\debug\pplat.tlog\link.read.1.tlog
c:\github\pplat\debug\pplat.tlog\link.write.1.tlog
c:\github\pplat\debug\pplat.tlog\pplat.write.1u.tlog
